生成启动时间为 2020/10/16 16:21:46。
     1>项目“D:\c\面试\面试\面试.vcxproj”在节点 2 上(build 个目标)。
     1>InitializeBuildStatus:
         正在创建“Debug\面试.unsuccessfulbuild”，因为已指定“AlwaysCreate”。
       ClCompile:
         C:\Program Files (x86)\Microsoft Visual Studio 10.0\VC\bin\CL.exe /c /ZI /nologo /W3 /WX- /Od /Oy- /D _UNICODE /D UNICODE /Gm /EHsc /RTC1 /MDd /GS /fp:precise /Zc:wchar_t /Zc:forScope /Fo"Debug\\" /Fd"Debug\vc100.pdb" /Gd /TC /analyze- /errorReport:prompt main.c
         main.c
     1>d:\c\面试\面试\main.c(16): warning C4018: “<”: 有符号/无符号不匹配
     1>d:\c\面试\面试\main.c(111): warning C4018: “<”: 有符号/无符号不匹配
     1>d:\c\面试\面试\main.c(143): warning C4018: “<”: 有符号/无符号不匹配
     1>d:\c\面试\面试\main.c(170): warning C4996: 'gets': This function or variable may be unsafe. Consider using gets_s instead. To disable deprecation, use _CRT_SECURE_NO_WARNINGS. See online help for details.
                 c:\program files (x86)\microsoft visual studio 10.0\vc\include\stdio.h(277) : 参见“gets”的声明
       Link:
         C:\Program Files (x86)\Microsoft Visual Studio 10.0\VC\bin\link.exe /ERRORREPORT:PROMPT /OUT:"D:\c\面试\Debug\面试.exe" /NOLOGO kernel32.lib user32.lib gdi32.lib winspool.lib comdlg32.lib advapi32.lib shell32.lib ole32.lib oleaut32.lib uuid.lib odbc32.lib odbccp32.lib /MANIFEST /ManifestFile:"Debug\面试.exe.intermediate.manifest" /MANIFESTUAC:"level='asInvoker' uiAccess='false'" /DEBUG /PDB:"D:\c\面试\Debug\面试.pdb" /TLBID:1 /DYNAMICBASE /NXCOMPAT /IMPLIB:"D:\c\面试\Debug\面试.lib" /MACHINE:X86 Debug\main.obj
         Debug\stack.obj
         LINK : 没有找到 D:\c\面试\Debug\面试.exe 或上一个增量链接没有生成它；正在执行完全链接
         面试.vcxproj -> D:\c\面试\Debug\面试.exe
       Manifest:
         C:\Program Files (x86)\Microsoft SDKs\Windows\v7.0A\bin\mt.exe /nologo /verbose /outputresource:"D:\c\面试\Debug\面试.exe;#1" /manifest "Debug\面试.exe.intermediate.manifest"
       FinalizeBuildStatus:
         正在删除文件“Debug\面试.unsuccessfulbuild”。
         正在对“Debug\面试.lastbuildstate”执行 Touch 任务。
     1>已完成生成项目“D:\c\面试\面试\面试.vcxproj”(build 个目标)的操作。

生成成功。

已用时间 00:00:00.44
